<?xml version="1.0" encoding="UTF-8"?>
<TestRun id="771ac76a-3483-4603-b641-ec58c868db9e" name="lpan@CA-D1CGDZ1-D 2018-05-30 16:25:17" runUser="ORT\lpan" xmlns="http://microsoft.com/schemas/VisualStudio/TeamTest/2010">
  <TestSettings name="Local" id="3808f4cb-6f5c-49dd-a6d3-bf8308ff60d7">
    <Description>These are default test settings for a local test run.</Description>
    <Deployment enabled="false" runDeploymentRoot="lpan_CA-D1CGDZ1-D 2018-05-30 16_25_17">
      <DeploymentItem filename="C:\Users\lpan\Documents\Visual Studio 2010\Projects\HelloWorld\DllTest\bin\Debug\DllTest.dll" />
      <DeploymentItem filename="C:\Users\lpan\Documents\Visual Studio 2010\Projects\HelloWorld\UnitTestHelloWorld\moq4-master\Samples\Lib\Moq.dll" />
    </Deployment>
    <Execution>
      <TestTypeSpecific />
      <AgentRule name="Execution Agents">
      </AgentRule>
    </Execution>
  </TestSettings>
  <Times creation="2018-05-30T16:25:17.9061426-07:00" queuing="2018-05-30T16:25:17.9801722-07:00" start="2018-05-30T16:25:17.9861746-07:00" finish="2018-05-30T16:25:18.9875750-07:00" />
  <ResultSummary outcome="Failed">
    <Counters total="1" executed="1" error="0" failed="1" timeout="0" aborted="0" inconclusive="0" passedButRunAborted="0" notRunnable="0" notExecuted="0" disconnected="0" warning="0" passed="0" completed="0" inProgress="0" pending="0" />
  </ResultSummary>
  <TestDefinitions>
    <UnitTest name="Database_Test" storage="c:\users\lpan\documents\visual studio 2010\projects\helloworld\unittesthelloworld\bin\debug\unittesthelloworld.dll" id="643a3b62-6507-7e17-8bc8-a49d66cbd284">
      <Execution id="90a2434d-47e0-4427-9523-bb4de890735a" />
      <TestMethod codeBase="C:/Users/lpan/Documents/Visual Studio 2010/Projects/HelloWorld/UnitTestHelloWorld/bin/Debug/UnitTestHelloWorld.DLL" adapterTypeName="Microsoft.VisualStudio.TestTools.TestTypes.Unit.UnitTestAdapter, Microsoft.VisualStudio.QualityTools.Tips.UnitTest.Adapter, Version=10.0.0.0, Culture=neutral, PublicKeyToken=b03f5f7f11d50a3a" className="UnitTestHelloWorld.UnitTestHW, UnitTestHelloWorld, Version=1.0.0.0, Culture=neutral, PublicKeyToken=null" name="Database_Test" />
    </UnitTest>
  </TestDefinitions>
  <TestLists>
    <TestList name="Results Not in a List" id="8c84fa94-04c1-424b-9868-57a2d4851a1d" />
    <TestList name="All Loaded Results" id="19431567-8539-422a-85d7-44ee4e166bda" />
  </TestLists>
  <TestEntries>
    <TestEntry testId="643a3b62-6507-7e17-8bc8-a49d66cbd284" executionId="90a2434d-47e0-4427-9523-bb4de890735a" testListId="8c84fa94-04c1-424b-9868-57a2d4851a1d" />
  </TestEntries>
  <Results>
    <UnitTestResult executionId="90a2434d-47e0-4427-9523-bb4de890735a" testId="643a3b62-6507-7e17-8bc8-a49d66cbd284" testName="Database_Test" computerName="CA-D1CGDZ1-D" duration="00:00:00.7455086" startTime="2018-05-30T16:25:17.9881754-07:00" endTime="2018-05-30T16:25:18.9735694-07:00" testType="13cdc9d9-ddb5-4fa4-a97d-d965ccfc6d4b" outcome="Failed" testListId="8c84fa94-04c1-424b-9868-57a2d4851a1d" relativeResultsDirectory="90a2434d-47e0-4427-9523-bb4de890735a">
      <Output>
        <ErrorInfo>
          <Message>Test method UnitTestHelloWorld.UnitTestHW.Database_Test threw exception: 
Moq.MockException: 
Invocation was not performed on the mock 1 times: c =&gt; c.Connect()</Message>
          <StackTrace>    at Moq.Mock.ThrowVerifyException(Expression expression, Times times, String failMessage)
   at Moq.Mock.VerifyCalls(Interceptor targetInterceptor, MethodCall expected, Expression expression, Times times, String failMessage)
   at Moq.Mock.Verify[T](Mock mock, Expression`1 expression, Times times, String failMessage)
   at Moq.Mock`1.Verify(Expression`1 expression, Times times)
   at UnitTestHelloWorld.UnitTestHW.Database_Test() in C:\Users\lpan\Documents\Visual Studio 2010\Projects\HelloWorld\UnitTestHelloWorld\UnitTestHW.cs:line 73
</StackTrace>
        </ErrorInfo>
      </Output>
    </UnitTestResult>
  </Results>
</TestRun>