<?xml version="1.0" encoding="UTF-8"?>
<TestRun id="172869b9-57cd-4e1d-9c0a-3b8c73e3a121" name="lpan@CA-D1CGDZ1-D 2018-05-30 17:40:58" runUser="ORT\lpan" xmlns="http://microsoft.com/schemas/VisualStudio/TeamTest/2010">
  <TestSettings name="Local" id="3808f4cb-6f5c-49dd-a6d3-bf8308ff60d7">
    <Description>These are default test settings for a local test run.</Description>
    <Deployment enabled="false" runDeploymentRoot="lpan_CA-D1CGDZ1-D 2018-05-30 17_40_58">
      <DeploymentItem filename="C:\Users\lpan\Documents\Visual Studio 2010\Projects\HelloWorld\DllTest\bin\Debug\DllTest.dll" />
      <DeploymentItem filename="C:\Users\lpan\Documents\Visual Studio 2010\Projects\HelloWorld\UnitTestHelloWorld\moq4-master\Samples\Lib\Moq.dll" />
    </Deployment>
    <Execution>
      <TestTypeSpecific />
      <AgentRule name="Execution Agents">
      </AgentRule>
    </Execution>
  </TestSettings>
  <Times creation="2018-05-30T17:40:58.7279350-07:00" queuing="2018-05-30T17:40:58.7789554-07:00" start="2018-05-30T17:40:58.7849578-07:00" finish="2018-05-30T17:41:00.5246534-07:00" />
  <ResultSummary outcome="Completed">
    <Counters total="1" executed="1" passed="1" error="0" failed="0" timeout="0" aborted="0" inconclusive="0" passedButRunAborted="0" notRunnable="0" notExecuted="0" disconnected="0" warning="0" completed="0" inProgress="0" pending="0" />
  </ResultSummary>
  <TestDefinitions>
    <UnitTest name="ConnectAndDisconnectFromDatabase" storage="c:\users\lpan\documents\visual studio 2010\projects\helloworld\unittesthelloworld\bin\debug\unittesthelloworld.dll" id="fa3d9ff0-bfe5-ab7e-e997-16b63e0b0fe8">
      <Execution id="6f1c5222-5a7f-4f9a-9bf8-b18c008146f2" />
      <TestMethod codeBase="C:/Users/lpan/Documents/Visual Studio 2010/Projects/HelloWorld/UnitTestHelloWorld/bin/Debug/UnitTestHelloWorld.DLL" adapterTypeName="Microsoft.VisualStudio.TestTools.TestTypes.Unit.UnitTestAdapter, Microsoft.VisualStudio.QualityTools.Tips.UnitTest.Adapter, Version=10.0.0.0, Culture=neutral, PublicKeyToken=b03f5f7f11d50a3a" className="UnitTestHelloWorld.UnitTestHW, UnitTestHelloWorld, Version=1.0.0.0, Culture=neutral, PublicKeyToken=null" name="ConnectAndDisconnectFromDatabase" />
    </UnitTest>
  </TestDefinitions>
  <TestLists>
    <TestList name="Results Not in a List" id="8c84fa94-04c1-424b-9868-57a2d4851a1d" />
    <TestList name="All Loaded Results" id="19431567-8539-422a-85d7-44ee4e166bda" />
  </TestLists>
  <TestEntries>
    <TestEntry testId="fa3d9ff0-bfe5-ab7e-e997-16b63e0b0fe8" executionId="6f1c5222-5a7f-4f9a-9bf8-b18c008146f2" testListId="8c84fa94-04c1-424b-9868-57a2d4851a1d" />
  </TestEntries>
  <Results>
    <UnitTestResult executionId="6f1c5222-5a7f-4f9a-9bf8-b18c008146f2" testId="fa3d9ff0-bfe5-ab7e-e997-16b63e0b0fe8" testName="ConnectAndDisconnectFromDatabase" computerName="CA-D1CGDZ1-D" duration="00:00:00.0413907" startTime="2018-05-30T17:40:58.7939614-07:00" endTime="2018-05-30T17:40:59.0140494-07:00" testType="13cdc9d9-ddb5-4fa4-a97d-d965ccfc6d4b" outcome="Passed" testListId="8c84fa94-04c1-424b-9868-57a2d4851a1d" relativeResultsDirectory="6f1c5222-5a7f-4f9a-9bf8-b18c008146f2">
    </UnitTestResult>
  </Results>
</TestRun>