<?xml version="1.0" encoding="UTF-8"?>
<TestRun id="03eb0889-6c8d-490c-a8c0-385c746f2c95" name="lpan@CA-D1CGDZ1-D 2018-06-01 10:13:25" runUser="ORT\lpan" xmlns="http://microsoft.com/schemas/VisualStudio/TeamTest/2010">
  <TestSettings name="Local" id="3808f4cb-6f5c-49dd-a6d3-bf8308ff60d7">
    <Description>These are default test settings for a local test run.</Description>
    <Deployment enabled="false" runDeploymentRoot="lpan_CA-D1CGDZ1-D 2018-06-01 10_13_25">
      <DeploymentItem filename="C:\Users\lpan\Documents\Visual Studio 2010\Projects\HelloWorld\DllTest\bin\Debug\DllTest.dll" />
    </Deployment>
    <Execution>
      <TestTypeSpecific />
      <AgentRule name="Execution Agents">
      </AgentRule>
    </Execution>
  </TestSettings>
  <Times creation="2018-06-01T10:13:25.7911918-07:00" queuing="2018-06-01T10:13:26.3244050-07:00" start="2018-06-01T10:13:27.4318478-07:00" finish="2018-06-01T10:13:32.1887498-07:00" />
  <ResultSummary outcome="Failed">
    <Counters total="2" executed="2" passed="1" error="0" failed="1" timeout="0" aborted="0" inconclusive="0" passedButRunAborted="0" notRunnable="0" notExecuted="0" disconnected="0" warning="0" completed="0" inProgress="0" pending="0" />
  </ResultSummary>
  <TestDefinitions>
    <UnitTest name="Connect_Insert_Disconnect_FromDatabase" storage="c:\users\lpan\documents\visual studio 2010\projects\helloworld\unittesthelloworld\bin\debug\unittesthelloworld.dll" id="571b79eb-aeee-a4a5-0cff-274c15f5352b">
      <Execution id="95a91bf4-cc43-4553-8fe6-004b84760082" />
      <TestMethod codeBase="C:/Users/lpan/Documents/Visual Studio 2010/Projects/HelloWorld/UnitTestHelloWorld/bin/Debug/UnitTestHelloWorld.DLL" adapterTypeName="Microsoft.VisualStudio.TestTools.TestTypes.Unit.UnitTestAdapter, Microsoft.VisualStudio.QualityTools.Tips.UnitTest.Adapter, Version=10.0.0.0, Culture=neutral, PublicKeyToken=b03f5f7f11d50a3a" className="UnitTestHelloWorld.UnitTestHW, UnitTestHelloWorld, Version=1.0.0.0, Culture=neutral, PublicKeyToken=null" name="Connect_Insert_Disconnect_FromDatabase" />
    </UnitTest>
    <UnitTest name="GetValue_Return" storage="c:\users\lpan\documents\visual studio 2010\projects\helloworld\unittesthelloworld\bin\debug\unittesthelloworld.dll" id="1be569b0-4c85-22bf-d7f8-f6fe522fb90c">
      <Execution id="de6324a1-3a41-4bcf-9996-159757dd0acd" />
      <TestMethod codeBase="C:/Users/lpan/Documents/Visual Studio 2010/Projects/HelloWorld/UnitTestHelloWorld/bin/Debug/UnitTestHelloWorld.DLL" adapterTypeName="Microsoft.VisualStudio.TestTools.TestTypes.Unit.UnitTestAdapter, Microsoft.VisualStudio.QualityTools.Tips.UnitTest.Adapter, Version=10.0.0.0, Culture=neutral, PublicKeyToken=b03f5f7f11d50a3a" className="UnitTestHelloWorld.UnitTestHW, UnitTestHelloWorld, Version=1.0.0.0, Culture=neutral, PublicKeyToken=null" name="GetValue_Return" />
    </UnitTest>
  </TestDefinitions>
  <TestLists>
    <TestList name="Results Not in a List" id="8c84fa94-04c1-424b-9868-57a2d4851a1d" />
    <TestList name="All Loaded Results" id="19431567-8539-422a-85d7-44ee4e166bda" />
  </TestLists>
  <TestEntries>
    <TestEntry testId="1be569b0-4c85-22bf-d7f8-f6fe522fb90c" executionId="de6324a1-3a41-4bcf-9996-159757dd0acd" testListId="8c84fa94-04c1-424b-9868-57a2d4851a1d" />
    <TestEntry testId="571b79eb-aeee-a4a5-0cff-274c15f5352b" executionId="95a91bf4-cc43-4553-8fe6-004b84760082" testListId="8c84fa94-04c1-424b-9868-57a2d4851a1d" />
  </TestEntries>
  <Results>
    <UnitTestResult executionId="de6324a1-3a41-4bcf-9996-159757dd0acd" testId="1be569b0-4c85-22bf-d7f8-f6fe522fb90c" testName="GetValue_Return" computerName="CA-D1CGDZ1-D" duration="00:00:00.6252883" startTime="2018-06-01T10:13:28.0140806-07:00" endTime="2018-06-01T10:13:31.2893902-07:00" testType="13cdc9d9-ddb5-4fa4-a97d-d965ccfc6d4b" outcome="Passed" testListId="8c84fa94-04c1-424b-9868-57a2d4851a1d" relativeResultsDirectory="de6324a1-3a41-4bcf-9996-159757dd0acd">
    </UnitTestResult>
    <UnitTestResult executionId="95a91bf4-cc43-4553-8fe6-004b84760082" testId="571b79eb-aeee-a4a5-0cff-274c15f5352b" testName="Connect_Insert_Disconnect_FromDatabase" computerName="CA-D1CGDZ1-D" duration="00:00:00.5927918" startTime="2018-06-01T10:13:31.3594182-07:00" endTime="2018-06-01T10:13:31.9726634-07:00" testType="13cdc9d9-ddb5-4fa4-a97d-d965ccfc6d4b" outcome="Failed" testListId="8c84fa94-04c1-424b-9868-57a2d4851a1d" relativeResultsDirectory="95a91bf4-cc43-4553-8fe6-004b84760082">
      <Output>
        <ErrorInfo>
          <Message>Test method UnitTestHelloWorld.UnitTestHW.Connect_Insert_Disconnect_FromDatabase threw exception: 
System.InvalidOperationException: ExecuteNonQuery requires an open and available Connection. The connection's current state is closed.</Message>
          <StackTrace>    at System.Data.SqlClient.SqlCommand.ValidateCommand(String method, Boolean async)
   at System.Data.SqlClient.SqlCommand.InternalExecuteNonQuery(TaskCompletionSource`1 completion, String methodName, Boolean sendToPipe, Int32 timeout, Boolean&amp; usedCache, Boolean asyncWrite, Boolean inRetry)
   at System.Data.SqlClient.SqlCommand.ExecuteNonQuery()
   at DllTest.DllHW.ExcuteCmd() in C:\Users\lpan\Documents\Visual Studio 2010\Projects\HelloWorld\DllTest\DllHW.cs:line 114
   at UnitTestHelloWorld.UnitTestHW.Connect_Insert_Disconnect_FromDatabase() in C:\Users\lpan\Documents\Visual Studio 2010\Projects\HelloWorld\UnitTestHelloWorld\UnitTestHW.cs:line 47
</StackTrace>
        </ErrorInfo>
      </Output>
    </UnitTestResult>
  </Results>
</TestRun>