<?xml version="1.0" encoding="UTF-8"?>
<TestRun id="2b79adb4-f158-4fe2-b771-da070f67b6da" name="lpan@CA-D1CGDZ1-D 2018-06-01 10:14:43" runUser="ORT\lpan" xmlns="http://microsoft.com/schemas/VisualStudio/TeamTest/2010">
  <TestSettings name="Local" id="3808f4cb-6f5c-49dd-a6d3-bf8308ff60d7">
    <Description>These are default test settings for a local test run.</Description>
    <Deployment userDeploymentRoot="C:\Users\lpan\Documents\Visual Studio 2010\Projects\HelloWorld\TestResults" useDefaultDeploymentRoot="false" enabled="false" runDeploymentRoot="lpan_CA-D1CGDZ1-D 2018-06-01 10_14_43">
      <DeploymentItem filename="C:\Users\lpan\Documents\Visual Studio 2010\Projects\HelloWorld\DllTest\bin\Debug\DllTest.dll" />
    </Deployment>
    <Execution>
      <TestTypeSpecific />
      <AgentRule name="Execution Agents">
      </AgentRule>
    </Execution>
  </TestSettings>
  <Times creation="2018-06-01T10:14:43.8744126-07:00" queuing="2018-06-01T10:14:43.9214314-07:00" start="2018-06-01T10:14:43.9264334-07:00" finish="2018-06-01T10:14:44.1685302-07:00" />
  <ResultSummary outcome="Completed">
    <Counters total="1" executed="1" passed="1" error="0" failed="0" timeout="0" aborted="0" inconclusive="0" passedButRunAborted="0" notRunnable="0" notExecuted="0" disconnected="0" warning="0" completed="0" inProgress="0" pending="0" />
  </ResultSummary>
  <TestDefinitions>
    <UnitTest name="Connect_Insert_Disconnect_FromDatabase" storage="c:\users\lpan\documents\visual studio 2010\projects\helloworld\unittesthelloworld\bin\debug\unittesthelloworld.dll" id="571b79eb-aeee-a4a5-0cff-274c15f5352b">
      <Execution id="5e9ece05-c1d0-4b79-8425-5aec1fb183bb" />
      <TestMethod codeBase="C:/Users/lpan/Documents/Visual Studio 2010/Projects/HelloWorld/UnitTestHelloWorld/bin/Debug/UnitTestHelloWorld.DLL" adapterTypeName="Microsoft.VisualStudio.TestTools.TestTypes.Unit.UnitTestAdapter, Microsoft.VisualStudio.QualityTools.Tips.UnitTest.Adapter, Version=10.0.0.0, Culture=neutral, PublicKeyToken=b03f5f7f11d50a3a" className="UnitTestHelloWorld.UnitTestHW, UnitTestHelloWorld, Version=1.0.0.0, Culture=neutral, PublicKeyToken=null" name="Connect_Insert_Disconnect_FromDatabase" />
    </UnitTest>
  </TestDefinitions>
  <TestLists>
    <TestList name="Results Not in a List" id="8c84fa94-04c1-424b-9868-57a2d4851a1d" />
    <TestList name="All Loaded Results" id="19431567-8539-422a-85d7-44ee4e166bda" />
  </TestLists>
  <TestEntries>
    <TestEntry testId="571b79eb-aeee-a4a5-0cff-274c15f5352b" executionId="5e9ece05-c1d0-4b79-8425-5aec1fb183bb" testListId="8c84fa94-04c1-424b-9868-57a2d4851a1d" />
  </TestEntries>
  <Results>
    <UnitTestResult executionId="5e9ece05-c1d0-4b79-8425-5aec1fb183bb" testId="571b79eb-aeee-a4a5-0cff-274c15f5352b" testName="Connect_Insert_Disconnect_FromDatabase" computerName="CA-D1CGDZ1-D" duration="00:00:00.0284213" startTime="2018-06-01T10:14:43.9344366-07:00" endTime="2018-06-01T10:14:44.1485222-07:00" testType="13cdc9d9-ddb5-4fa4-a97d-d965ccfc6d4b" outcome="Passed" testListId="8c84fa94-04c1-424b-9868-57a2d4851a1d" relativeResultsDirectory="5e9ece05-c1d0-4b79-8425-5aec1fb183bb">
    </UnitTestResult>
  </Results>
</TestRun>