<?xml version="1.0" encoding="UTF-8"?>
<TestRun id="bfe0763d-b6de-4f4c-9e41-9ef2842ccf77" name="lpan@CA-D1CGDZ1-D 2018-05-30 17:35:45" runUser="ORT\lpan" xmlns="http://microsoft.com/schemas/VisualStudio/TeamTest/2010">
  <TestSettings name="Local" id="3808f4cb-6f5c-49dd-a6d3-bf8308ff60d7">
    <Description>These are default test settings for a local test run.</Description>
    <Deployment enabled="false" runDeploymentRoot="lpan_CA-D1CGDZ1-D 2018-05-30 17_35_45">
      <DeploymentItem filename="C:\Users\lpan\Documents\Visual Studio 2010\Projects\HelloWorld\DllTest\bin\Debug\DllTest.dll" />
      <DeploymentItem filename="C:\Users\lpan\Documents\Visual Studio 2010\Projects\HelloWorld\UnitTestHelloWorld\moq4-master\Samples\Lib\Moq.dll" />
    </Deployment>
    <Execution>
      <TestTypeSpecific />
      <AgentRule name="Execution Agents">
      </AgentRule>
    </Execution>
  </TestSettings>
  <Times creation="2018-05-30T17:35:45.7397898-07:00" queuing="2018-05-30T17:35:45.9928910-07:00" start="2018-05-30T17:35:46.0138994-07:00" finish="2018-05-30T17:35:46.5551158-07:00" />
  <ResultSummary outcome="Failed">
    <Counters total="4" executed="4" passed="2" error="0" failed="2" timeout="0" aborted="0" inconclusive="0" passedButRunAborted="0" notRunnable="0" notExecuted="0" disconnected="0" warning="0" completed="0" inProgress="0" pending="0" />
  </ResultSummary>
  <TestDefinitions>
    <UnitTest name="ConnectAndDisconnectFromDatabase" storage="c:\users\lpan\documents\visual studio 2010\projects\helloworld\unittesthelloworld\bin\debug\unittesthelloworld.dll" id="fa3d9ff0-bfe5-ab7e-e997-16b63e0b0fe8">
      <Execution id="c993ee20-2dd1-4a83-8ff5-c285eae18db1" />
      <TestMethod codeBase="C:/Users/lpan/Documents/Visual Studio 2010/Projects/HelloWorld/UnitTestHelloWorld/bin/Debug/UnitTestHelloWorld.DLL" adapterTypeName="Microsoft.VisualStudio.TestTools.TestTypes.Unit.UnitTestAdapter, Microsoft.VisualStudio.QualityTools.Tips.UnitTest.Adapter, Version=10.0.0.0, Culture=neutral, PublicKeyToken=b03f5f7f11d50a3a" className="UnitTestHelloWorld.UnitTestHW, UnitTestHelloWorld, Version=1.0.0.0, Culture=neutral, PublicKeyToken=null" name="ConnectAndDisconnectFromDatabase" />
    </UnitTest>
    <UnitTest name="TestMethod1" storage="c:\users\lpan\documents\visual studio 2010\projects\helloworld\unittesthelloworld\bin\debug\unittesthelloworld.dll" id="cb10f468-1045-5427-6984-507247d3a757">
      <Execution id="48d52b6a-539c-4c88-85db-e8b53e71e63e" />
      <TestMethod codeBase="C:/Users/lpan/Documents/Visual Studio 2010/Projects/HelloWorld/UnitTestHelloWorld/bin/Debug/UnitTestHelloWorld.DLL" adapterTypeName="Microsoft.VisualStudio.TestTools.TestTypes.Unit.UnitTestAdapter, Microsoft.VisualStudio.QualityTools.Tips.UnitTest.Adapter, Version=10.0.0.0, Culture=neutral, PublicKeyToken=b03f5f7f11d50a3a" className="UnitTestHelloWorld.UnitTestHW, UnitTestHelloWorld, Version=1.0.0.0, Culture=neutral, PublicKeyToken=null" name="TestMethod1" />
    </UnitTest>
    <UnitTest name="ExcuteCmd_Return" storage="c:\users\lpan\documents\visual studio 2010\projects\helloworld\unittesthelloworld\bin\debug\unittesthelloworld.dll" id="0b848242-2a9f-0ab7-b270-a824cece3acb">
      <Execution id="d87bd1d5-e027-475a-aefd-9f833d56e1fb" />
      <TestMethod codeBase="C:/Users/lpan/Documents/Visual Studio 2010/Projects/HelloWorld/UnitTestHelloWorld/bin/Debug/UnitTestHelloWorld.DLL" adapterTypeName="Microsoft.VisualStudio.TestTools.TestTypes.Unit.UnitTestAdapter, Microsoft.VisualStudio.QualityTools.Tips.UnitTest.Adapter, Version=10.0.0.0, Culture=neutral, PublicKeyToken=b03f5f7f11d50a3a" className="UnitTestHelloWorld.UnitTestHW, UnitTestHelloWorld, Version=1.0.0.0, Culture=neutral, PublicKeyToken=null" name="ExcuteCmd_Return" />
    </UnitTest>
    <UnitTest name="GetValue_Return" storage="c:\users\lpan\documents\visual studio 2010\projects\helloworld\unittesthelloworld\bin\debug\unittesthelloworld.dll" id="1be569b0-4c85-22bf-d7f8-f6fe522fb90c">
      <Execution id="2e547afd-4520-4726-82bb-aafb6523e49d" />
      <TestMethod codeBase="C:/Users/lpan/Documents/Visual Studio 2010/Projects/HelloWorld/UnitTestHelloWorld/bin/Debug/UnitTestHelloWorld.DLL" adapterTypeName="Microsoft.VisualStudio.TestTools.TestTypes.Unit.UnitTestAdapter, Microsoft.VisualStudio.QualityTools.Tips.UnitTest.Adapter, Version=10.0.0.0, Culture=neutral, PublicKeyToken=b03f5f7f11d50a3a" className="UnitTestHelloWorld.UnitTestHW, UnitTestHelloWorld, Version=1.0.0.0, Culture=neutral, PublicKeyToken=null" name="GetValue_Return" />
    </UnitTest>
  </TestDefinitions>
  <TestLists>
    <TestList name="Results Not in a List" id="8c84fa94-04c1-424b-9868-57a2d4851a1d" />
    <TestList name="All Loaded Results" id="19431567-8539-422a-85d7-44ee4e166bda" />
  </TestLists>
  <TestEntries>
    <TestEntry testId="0b848242-2a9f-0ab7-b270-a824cece3acb" executionId="d87bd1d5-e027-475a-aefd-9f833d56e1fb" testListId="8c84fa94-04c1-424b-9868-57a2d4851a1d" />
    <TestEntry testId="1be569b0-4c85-22bf-d7f8-f6fe522fb90c" executionId="2e547afd-4520-4726-82bb-aafb6523e49d" testListId="8c84fa94-04c1-424b-9868-57a2d4851a1d" />
    <TestEntry testId="cb10f468-1045-5427-6984-507247d3a757" executionId="48d52b6a-539c-4c88-85db-e8b53e71e63e" testListId="8c84fa94-04c1-424b-9868-57a2d4851a1d" />
    <TestEntry testId="fa3d9ff0-bfe5-ab7e-e997-16b63e0b0fe8" executionId="c993ee20-2dd1-4a83-8ff5-c285eae18db1" testListId="8c84fa94-04c1-424b-9868-57a2d4851a1d" />
  </TestEntries>
  <Results>
    <UnitTestResult executionId="d87bd1d5-e027-475a-aefd-9f833d56e1fb" testId="0b848242-2a9f-0ab7-b270-a824cece3acb" testName="ExcuteCmd_Return" computerName="CA-D1CGDZ1-D" duration="00:00:00.1296046" startTime="2018-05-30T17:35:46.0469126-07:00" endTime="2018-05-30T17:35:46.4510742-07:00" testType="13cdc9d9-ddb5-4fa4-a97d-d965ccfc6d4b" outcome="Failed" testListId="8c84fa94-04c1-424b-9868-57a2d4851a1d" relativeResultsDirectory="d87bd1d5-e027-475a-aefd-9f833d56e1fb">
      <Output>
        <ErrorInfo>
          <Message>Test method UnitTestHelloWorld.UnitTestHW.ExcuteCmd_Return threw exception: 
System.InvalidOperationException: ExecuteNonQuery: Connection property has not been initialized.</Message>
          <StackTrace>    at System.Data.SqlClient.SqlCommand.ValidateCommand(String method, Boolean async)
   at System.Data.SqlClient.SqlCommand.InternalExecuteNonQuery(TaskCompletionSource`1 completion, String methodName, Boolean sendToPipe, Int32 timeout, Boolean&amp; usedCache, Boolean asyncWrite, Boolean inRetry)
   at System.Data.SqlClient.SqlCommand.ExecuteNonQuery()
   at DllTest.DllHW.ExcuteCmd() in C:\Users\lpan\Documents\Visual Studio 2010\Projects\HelloWorld\DllTest\DllHW.cs:line 107
   at UnitTestHelloWorld.UnitTestHW.ExcuteCmd_Return() in C:\Users\lpan\Documents\Visual Studio 2010\Projects\HelloWorld\UnitTestHelloWorld\UnitTestHW.cs:line 50
</StackTrace>
        </ErrorInfo>
      </Output>
    </UnitTestResult>
    <UnitTestResult executionId="2e547afd-4520-4726-82bb-aafb6523e49d" testId="1be569b0-4c85-22bf-d7f8-f6fe522fb90c" testName="GetValue_Return" computerName="CA-D1CGDZ1-D" duration="00:00:00.0572655" startTime="2018-05-30T17:35:46.4530750-07:00" endTime="2018-05-30T17:35:46.5120986-07:00" testType="13cdc9d9-ddb5-4fa4-a97d-d965ccfc6d4b" outcome="Failed" testListId="8c84fa94-04c1-424b-9868-57a2d4851a1d" relativeResultsDirectory="2e547afd-4520-4726-82bb-aafb6523e49d">
      <Output>
        <ErrorInfo>
          <Message>Assert.AreEqual failed. Expected:&lt;Hello World&gt;. Actual:&lt;222123789&gt;. </Message>
          <StackTrace>   at UnitTestHelloWorld.UnitTestHW.GetValue_Return() in C:\Users\lpan\Documents\Visual Studio 2010\Projects\HelloWorld\UnitTestHelloWorld\UnitTestHW.cs:line 33
</StackTrace>
        </ErrorInfo>
      </Output>
    </UnitTestResult>
    <UnitTestResult executionId="48d52b6a-539c-4c88-85db-e8b53e71e63e" testId="cb10f468-1045-5427-6984-507247d3a757" testName="TestMethod1" computerName="CA-D1CGDZ1-D" duration="00:00:00.0004130" startTime="2018-05-30T17:35:46.5130990-07:00" endTime="2018-05-30T17:35:46.5181010-07:00" testType="13cdc9d9-ddb5-4fa4-a97d-d965ccfc6d4b" outcome="Passed" testListId="8c84fa94-04c1-424b-9868-57a2d4851a1d" relativeResultsDirectory="48d52b6a-539c-4c88-85db-e8b53e71e63e">
    </UnitTestResult>
    <UnitTestResult executionId="c993ee20-2dd1-4a83-8ff5-c285eae18db1" testId="fa3d9ff0-bfe5-ab7e-e997-16b63e0b0fe8" testName="ConnectAndDisconnectFromDatabase" computerName="CA-D1CGDZ1-D" duration="00:00:00.0031437" startTime="2018-05-30T17:35:46.5201018-07:00" endTime="2018-05-30T17:35:46.5241034-07:00" testType="13cdc9d9-ddb5-4fa4-a97d-d965ccfc6d4b" outcome="Passed" testListId="8c84fa94-04c1-424b-9868-57a2d4851a1d" relativeResultsDirectory="c993ee20-2dd1-4a83-8ff5-c285eae18db1">
    </UnitTestResult>
  </Results>
</TestRun>