<?xml version="1.0" encoding="UTF-8"?>
<TestRun id="cae8909d-06b1-41aa-a9e1-493c38dca628" name="lpan@CA-D1CGDZ1-D 2018-05-31 21:58:17" runUser="ORT\lpan" xmlns="http://microsoft.com/schemas/VisualStudio/TeamTest/2010">
  <TestSettings name="Local" id="3808f4cb-6f5c-49dd-a6d3-bf8308ff60d7">
    <Description>These are default test settings for a local test run.</Description>
    <Deployment enabled="false" runDeploymentRoot="lpan_CA-D1CGDZ1-D 2018-05-31 21_58_17">
      <DeploymentItem filename="C:\Users\lpan\Documents\Visual Studio 2010\Projects\HelloWorld\DllTest\bin\Debug\DllTest.dll" />
    </Deployment>
    <Execution>
      <TestTypeSpecific />
      <AgentRule name="Execution Agents">
      </AgentRule>
    </Execution>
  </TestSettings>
  <Times creation="2018-05-31T21:58:17.1672734-07:00" queuing="2018-05-31T21:58:18.0996462-07:00" start="2018-05-31T21:58:20.5226150-07:00" finish="2018-05-31T21:58:27.5314174-07:00" />
  <ResultSummary outcome="Completed">
    <Counters total="2" executed="2" passed="2" error="0" failed="0" timeout="0" aborted="0" inconclusive="0" passedButRunAborted="0" notRunnable="0" notExecuted="0" disconnected="0" warning="0" completed="0" inProgress="0" pending="0" />
  </ResultSummary>
  <TestDefinitions>
    <UnitTest name="Connect_Insert_Disconnect_FromDatabase" storage="c:\users\lpan\documents\visual studio 2010\projects\helloworld\unittesthelloworld\bin\debug\unittesthelloworld.dll" id="571b79eb-aeee-a4a5-0cff-274c15f5352b">
      <Execution id="ff8633e5-80c7-426b-8ed8-431c2ab319eb" />
      <TestMethod codeBase="C:/Users/lpan/Documents/Visual Studio 2010/Projects/HelloWorld/UnitTestHelloWorld/bin/Debug/UnitTestHelloWorld.DLL" adapterTypeName="Microsoft.VisualStudio.TestTools.TestTypes.Unit.UnitTestAdapter, Microsoft.VisualStudio.QualityTools.Tips.UnitTest.Adapter, Version=10.0.0.0, Culture=neutral, PublicKeyToken=b03f5f7f11d50a3a" className="UnitTestHelloWorld.UnitTestHW, UnitTestHelloWorld, Version=1.0.0.0, Culture=neutral, PublicKeyToken=null" name="Connect_Insert_Disconnect_FromDatabase" />
    </UnitTest>
    <UnitTest name="GetValue_Return" storage="c:\users\lpan\documents\visual studio 2010\projects\helloworld\unittesthelloworld\bin\debug\unittesthelloworld.dll" id="1be569b0-4c85-22bf-d7f8-f6fe522fb90c">
      <Execution id="1572ae05-e820-40c5-82b2-b6cb9cbde810" />
      <TestMethod codeBase="C:/Users/lpan/Documents/Visual Studio 2010/Projects/HelloWorld/UnitTestHelloWorld/bin/Debug/UnitTestHelloWorld.DLL" adapterTypeName="Microsoft.VisualStudio.TestTools.TestTypes.Unit.UnitTestAdapter, Microsoft.VisualStudio.QualityTools.Tips.UnitTest.Adapter, Version=10.0.0.0, Culture=neutral, PublicKeyToken=b03f5f7f11d50a3a" className="UnitTestHelloWorld.UnitTestHW, UnitTestHelloWorld, Version=1.0.0.0, Culture=neutral, PublicKeyToken=null" name="GetValue_Return" />
    </UnitTest>
  </TestDefinitions>
  <TestLists>
    <TestList name="Results Not in a List" id="8c84fa94-04c1-424b-9868-57a2d4851a1d" />
    <TestList name="All Loaded Results" id="19431567-8539-422a-85d7-44ee4e166bda" />
  </TestLists>
  <TestEntries>
    <TestEntry testId="1be569b0-4c85-22bf-d7f8-f6fe522fb90c" executionId="1572ae05-e820-40c5-82b2-b6cb9cbde810" testListId="8c84fa94-04c1-424b-9868-57a2d4851a1d" />
    <TestEntry testId="571b79eb-aeee-a4a5-0cff-274c15f5352b" executionId="ff8633e5-80c7-426b-8ed8-431c2ab319eb" testListId="8c84fa94-04c1-424b-9868-57a2d4851a1d" />
  </TestEntries>
  <Results>
    <UnitTestResult executionId="1572ae05-e820-40c5-82b2-b6cb9cbde810" testId="1be569b0-4c85-22bf-d7f8-f6fe522fb90c" testName="GetValue_Return" computerName="CA-D1CGDZ1-D" duration="00:00:00.4966244" startTime="2018-05-31T21:58:21.6010462-07:00" endTime="2018-05-31T21:58:26.4709934-07:00" testType="13cdc9d9-ddb5-4fa4-a97d-d965ccfc6d4b" outcome="Passed" testListId="8c84fa94-04c1-424b-9868-57a2d4851a1d" relativeResultsDirectory="1572ae05-e820-40c5-82b2-b6cb9cbde810">
    </UnitTestResult>
    <UnitTestResult executionId="ff8633e5-80c7-426b-8ed8-431c2ab319eb" testId="571b79eb-aeee-a4a5-0cff-274c15f5352b" testName="Connect_Insert_Disconnect_FromDatabase" computerName="CA-D1CGDZ1-D" duration="00:00:00.7409036" startTime="2018-05-31T21:58:26.4829982-07:00" endTime="2018-05-31T21:58:27.3493446-07:00" testType="13cdc9d9-ddb5-4fa4-a97d-d965ccfc6d4b" outcome="Passed" testListId="8c84fa94-04c1-424b-9868-57a2d4851a1d" relativeResultsDirectory="ff8633e5-80c7-426b-8ed8-431c2ab319eb">
    </UnitTestResult>
  </Results>
</TestRun>