<?xml version="1.0" encoding="UTF-8"?>
<TestRun id="477fff7c-69be-4577-9238-d1c229d30084" name="lpan@CA-D1CGDZ1-D 2018-05-30 17:41:56" runUser="ORT\lpan" xmlns="http://microsoft.com/schemas/VisualStudio/TeamTest/2010">
  <TestSettings name="Local" id="3808f4cb-6f5c-49dd-a6d3-bf8308ff60d7">
    <Description>These are default test settings for a local test run.</Description>
    <Deployment userDeploymentRoot="C:\Users\lpan\Documents\Visual Studio 2010\Projects\HelloWorld\TestResults" useDefaultDeploymentRoot="false" enabled="false" runDeploymentRoot="lpan_CA-D1CGDZ1-D 2018-05-30 17_41_56">
      <DeploymentItem filename="C:\Users\lpan\Documents\Visual Studio 2010\Projects\HelloWorld\DllTest\bin\Debug\DllTest.dll" />
      <DeploymentItem filename="C:\Users\lpan\Documents\Visual Studio 2010\Projects\HelloWorld\UnitTestHelloWorld\moq4-master\Samples\Lib\Moq.dll" />
    </Deployment>
    <Execution>
      <TestTypeSpecific />
      <AgentRule name="Execution Agents">
      </AgentRule>
    </Execution>
  </TestSettings>
  <Times creation="2018-05-30T17:41:56.7671414-07:00" queuing="2018-05-30T17:41:58.0806666-07:00" start="2018-05-30T17:41:58.1787058-07:00" finish="2018-05-30T17:42:10.8607766-07:00" />
  <ResultSummary outcome="Error">
    <Counters total="2" executed="1" error="0" failed="0" timeout="0" aborted="1" inconclusive="0" passedButRunAborted="0" notRunnable="0" notExecuted="1" disconnected="0" warning="0" passed="0" completed="0" inProgress="0" pending="0" />
    <RunInfos>
      <RunInfo computerName="CA-D1CGDZ1-D" outcome="Error" timestamp="2018-05-30T17:42:10.8557746-07:00">
        <Text>Test host process exited unexpectedly.</Text>
      </RunInfo>
    </RunInfos>
  </ResultSummary>
  <TestDefinitions>
    <UnitTest name="GetValue_Return" storage="c:\users\lpan\documents\visual studio 2010\projects\helloworld\unittesthelloworld\bin\debug\unittesthelloworld.dll" id="1be569b0-4c85-22bf-d7f8-f6fe522fb90c">
      <Execution id="103b6e8e-1fdd-4b10-af9c-c6f6d46e3a6c" />
      <TestMethod codeBase="C:/Users/lpan/Documents/Visual Studio 2010/Projects/HelloWorld/UnitTestHelloWorld/bin/Debug/UnitTestHelloWorld.DLL" adapterTypeName="Microsoft.VisualStudio.TestTools.TestTypes.Unit.UnitTestAdapter, Microsoft.VisualStudio.QualityTools.Tips.UnitTest.Adapter, Version=10.0.0.0, Culture=neutral, PublicKeyToken=b03f5f7f11d50a3a" className="UnitTestHelloWorld.UnitTestHW, UnitTestHelloWorld, Version=1.0.0.0, Culture=neutral, PublicKeyToken=null" name="GetValue_Return" />
    </UnitTest>
    <UnitTest name="ExcuteCmd_Return" storage="c:\users\lpan\documents\visual studio 2010\projects\helloworld\unittesthelloworld\bin\debug\unittesthelloworld.dll" id="0b848242-2a9f-0ab7-b270-a824cece3acb">
      <Execution id="388a3378-89d2-425f-9909-2841d72a4c2e" />
      <TestMethod codeBase="C:/Users/lpan/Documents/Visual Studio 2010/Projects/HelloWorld/UnitTestHelloWorld/bin/Debug/UnitTestHelloWorld.DLL" adapterTypeName="Microsoft.VisualStudio.TestTools.TestTypes.Unit.UnitTestAdapter, Microsoft.VisualStudio.QualityTools.Tips.UnitTest.Adapter, Version=10.0.0.0, Culture=neutral, PublicKeyToken=b03f5f7f11d50a3a" className="UnitTestHelloWorld.UnitTestHW, UnitTestHelloWorld, Version=1.0.0.0, Culture=neutral, PublicKeyToken=null" name="ExcuteCmd_Return" />
    </UnitTest>
  </TestDefinitions>
  <TestLists>
    <TestList name="Results Not in a List" id="8c84fa94-04c1-424b-9868-57a2d4851a1d" />
    <TestList name="All Loaded Results" id="19431567-8539-422a-85d7-44ee4e166bda" />
  </TestLists>
  <TestEntries>
    <TestEntry testId="0b848242-2a9f-0ab7-b270-a824cece3acb" executionId="388a3378-89d2-425f-9909-2841d72a4c2e" testListId="8c84fa94-04c1-424b-9868-57a2d4851a1d" />
    <TestEntry testId="1be569b0-4c85-22bf-d7f8-f6fe522fb90c" executionId="103b6e8e-1fdd-4b10-af9c-c6f6d46e3a6c" testListId="8c84fa94-04c1-424b-9868-57a2d4851a1d" />
  </TestEntries>
  <Results>
    <UnitTestResult executionId="388a3378-89d2-425f-9909-2841d72a4c2e" testId="0b848242-2a9f-0ab7-b270-a824cece3acb" testName="ExcuteCmd_Return" computerName="CA-D1CGDZ1-D" duration="00:00:12.5470168" startTime="2018-05-30T17:41:58.3127594-07:00" endTime="2018-05-30T17:42:10.8597762-07:00" testType="13cdc9d9-ddb5-4fa4-a97d-d965ccfc6d4b" outcome="Aborted" testListId="8c84fa94-04c1-424b-9868-57a2d4851a1d" relativeResultsDirectory="388a3378-89d2-425f-9909-2841d72a4c2e">
    </UnitTestResult>
    <UnitTestResult executionId="103b6e8e-1fdd-4b10-af9c-c6f6d46e3a6c" testId="1be569b0-4c85-22bf-d7f8-f6fe522fb90c" testName="GetValue_Return" computerName="CA-D1CGDZ1-D" testType="13cdc9d9-ddb5-4fa4-a97d-d965ccfc6d4b" outcome="NotExecuted" testListId="8c84fa94-04c1-424b-9868-57a2d4851a1d" relativeResultsDirectory="103b6e8e-1fdd-4b10-af9c-c6f6d46e3a6c">
    </UnitTestResult>
  </Results>
</TestRun>