<?xml version="1.0" encoding="UTF-8"?>
<TestRun id="532de993-5f15-47b9-9a3d-ab31b6a6015a" name="lpan@CA-D1CGDZ1-D 2018-05-31 21:56:45" runUser="ORT\lpan" xmlns="http://microsoft.com/schemas/VisualStudio/TeamTest/2010">
  <TestSettings name="Local" id="3808f4cb-6f5c-49dd-a6d3-bf8308ff60d7">
    <Description>These are default test settings for a local test run.</Description>
    <Deployment enabled="false" runDeploymentRoot="lpan_CA-D1CGDZ1-D 2018-05-31 21_56_45">
      <DeploymentItem filename="C:\Users\lpan\Documents\New folder (26)\HelloWorld\DllTest\bin\Debug\DllTest.dll" />
    </Deployment>
    <Execution>
      <TestTypeSpecific />
      <AgentRule name="Execution Agents">
      </AgentRule>
    </Execution>
  </TestSettings>
  <Times creation="2018-05-31T21:56:45.0154274-07:00" queuing="2018-05-31T21:56:52.4043818-07:00" start="2018-05-31T21:56:52.5944578-07:00" finish="2018-05-31T21:57:10.1784886-07:00" />
  <ResultSummary outcome="Failed">
    <Counters total="2" executed="2" passed="1" error="0" failed="1" timeout="0" aborted="0" inconclusive="0" passedButRunAborted="0" notRunnable="0" notExecuted="0" disconnected="0" warning="0" completed="0" inProgress="0" pending="0" />
  </ResultSummary>
  <TestDefinitions>
    <UnitTest name="Connect_Insert_Disconnect_FromDatabase" storage="c:\users\lpan\documents\new folder (26)\helloworld\unittesthelloworld\bin\debug\unittesthelloworld.dll" id="571b79eb-aeee-a4a5-0cff-274c15f5352b">
      <Execution id="b32ac193-4dc4-4a09-bc9f-531e2ca3d0b7" />
      <TestMethod codeBase="C:/Users/lpan/Documents/New folder (26)/HelloWorld/UnitTestHelloWorld/bin/Debug/UnitTestHelloWorld.DLL" adapterTypeName="Microsoft.VisualStudio.TestTools.TestTypes.Unit.UnitTestAdapter, Microsoft.VisualStudio.QualityTools.Tips.UnitTest.Adapter, Version=10.0.0.0, Culture=neutral, PublicKeyToken=b03f5f7f11d50a3a" className="UnitTestHelloWorld.UnitTestHW, UnitTestHelloWorld, Version=1.0.0.0, Culture=neutral, PublicKeyToken=null" name="Connect_Insert_Disconnect_FromDatabase" />
    </UnitTest>
    <UnitTest name="GetValue_Return" storage="c:\users\lpan\documents\new folder (26)\helloworld\unittesthelloworld\bin\debug\unittesthelloworld.dll" id="1be569b0-4c85-22bf-d7f8-f6fe522fb90c">
      <Execution id="388b4538-7d81-44cd-a262-fdb0ab9170c3" />
      <TestMethod codeBase="C:/Users/lpan/Documents/New folder (26)/HelloWorld/UnitTestHelloWorld/bin/Debug/UnitTestHelloWorld.DLL" adapterTypeName="Microsoft.VisualStudio.TestTools.TestTypes.Unit.UnitTestAdapter, Microsoft.VisualStudio.QualityTools.Tips.UnitTest.Adapter, Version=10.0.0.0, Culture=neutral, PublicKeyToken=b03f5f7f11d50a3a" className="UnitTestHelloWorld.UnitTestHW, UnitTestHelloWorld, Version=1.0.0.0, Culture=neutral, PublicKeyToken=null" name="GetValue_Return" />
    </UnitTest>
  </TestDefinitions>
  <TestLists>
    <TestList name="Results Not in a List" id="8c84fa94-04c1-424b-9868-57a2d4851a1d" />
    <TestList name="All Loaded Results" id="19431567-8539-422a-85d7-44ee4e166bda" />
  </TestLists>
  <TestEntries>
    <TestEntry testId="1be569b0-4c85-22bf-d7f8-f6fe522fb90c" executionId="388b4538-7d81-44cd-a262-fdb0ab9170c3" testListId="8c84fa94-04c1-424b-9868-57a2d4851a1d" />
    <TestEntry testId="571b79eb-aeee-a4a5-0cff-274c15f5352b" executionId="b32ac193-4dc4-4a09-bc9f-531e2ca3d0b7" testListId="8c84fa94-04c1-424b-9868-57a2d4851a1d" />
  </TestEntries>
  <Results>
    <UnitTestResult executionId="388b4538-7d81-44cd-a262-fdb0ab9170c3" testId="1be569b0-4c85-22bf-d7f8-f6fe522fb90c" testName="GetValue_Return" computerName="CA-D1CGDZ1-D" duration="00:00:00.9411648" startTime="2018-05-31T21:56:52.8205482-07:00" endTime="2018-05-31T21:56:54.2911362-07:00" testType="13cdc9d9-ddb5-4fa4-a97d-d965ccfc6d4b" outcome="Passed" testListId="8c84fa94-04c1-424b-9868-57a2d4851a1d" relativeResultsDirectory="388b4538-7d81-44cd-a262-fdb0ab9170c3">
    </UnitTestResult>
    <UnitTestResult executionId="b32ac193-4dc4-4a09-bc9f-531e2ca3d0b7" testId="571b79eb-aeee-a4a5-0cff-274c15f5352b" testName="Connect_Insert_Disconnect_FromDatabase" computerName="CA-D1CGDZ1-D" duration="00:00:15.7009363" startTime="2018-05-31T21:56:54.2931370-07:00" endTime="2018-05-31T21:57:09.9944150-07:00" testType="13cdc9d9-ddb5-4fa4-a97d-d965ccfc6d4b" outcome="Failed" testListId="8c84fa94-04c1-424b-9868-57a2d4851a1d" relativeResultsDirectory="b32ac193-4dc4-4a09-bc9f-531e2ca3d0b7">
      <Output>
        <ErrorInfo>
          <Message>Test method UnitTestHelloWorld.UnitTestHW.Connect_Insert_Disconnect_FromDatabase threw exception: 
System.InvalidOperationException: ExecuteNonQuery requires an open and available Connection. The connection's current state is closed.</Message>
          <StackTrace>    at System.Data.SqlClient.SqlCommand.ValidateCommand(String method, Boolean async)
   at System.Data.SqlClient.SqlCommand.InternalExecuteNonQuery(TaskCompletionSource`1 completion, String methodName, Boolean sendToPipe, Int32 timeout, Boolean&amp; usedCache, Boolean asyncWrite, Boolean inRetry)
   at System.Data.SqlClient.SqlCommand.ExecuteNonQuery()
   at DllTest.DllHW.ExcuteCmd() in C:\Users\lpan\Documents\New folder (26)\HelloWorld\DllTest\DllHW.cs:line 113
   at UnitTestHelloWorld.UnitTestHW.Connect_Insert_Disconnect_FromDatabase() in C:\Users\lpan\Documents\New folder (26)\HelloWorld\UnitTestHelloWorld\UnitTestHW.cs:line 47
</StackTrace>
        </ErrorInfo>
      </Output>
    </UnitTestResult>
  </Results>
</TestRun>